<?xml version="1.0" encoding="UTF-8"?>
<!-- Generated by org.testng.reporters.JUnitXMLReporter -->
<testsuite ignored="5" hostname="LAPTOP-4VH20URH" failures="0" tests="0" time="0.172" errors="0" timestamp="2022-10-14T13:02:41 EDT">
  <testcase classname="com.APItest.tests.TekarchAPITestScriptE2E" name="tekarchadd_testAPI" time="0.0">
    <ignored/>
  </testcase> <!-- tekarchadd_testAPI -->
  <testcase classname="com.APItest.tests.TekarchAPITestScriptE2E" name="Tekarchlogin_testAPI" time="0.0">
    <ignored/>
  </testcase> <!-- Tekarchlogin_testAPI -->
  <testcase classname="com.APItest.tests.TekarchAPITestScriptE2E" name="Tekarchgetdata_testAPI" time="0.0">
    <ignored/>
  </testcase> <!-- Tekarchgetdata_testAPI -->
  <testcase classname="com.APItest.tests.TekarchAPITestScriptE2E" name="tekarchupdate_testAPI" time="0.0">
    <ignored/>
  </testcase> <!-- tekarchupdate_testAPI -->
  <testcase classname="com.APItest.tests.TekarchAPITestScriptE2E" name="tekarchdelete_testAPI" time="0.0">
    <ignored/>
  </testcase> <!-- tekarchdelete_testAPI -->
</testsuite>
