<?xml version="1.0" encoding="UTF-8"?>
<!-- Generated by org.testng.reporters.JUnitXMLReporter -->
<testsuite ignored="0" hostname="LAPTOP-4VH20URH" failures="0" tests="5" name="Default test" time="20.534" errors="0" timestamp="2022-10-18T20:56:17 EDT">
  <testcase classname="com.APItest.tests.TekarchAPITestScriptE2E" name="Tekarchlogin_testAPI" time="3.833"/>
  <testcase classname="com.APItest.tests.TekarchAPITestScriptE2E" name="Tekarchgetdata_testAPI" time="13.959"/>
  <testcase classname="com.APItest.tests.TekarchAPITestScriptE2E" name="tekarchadd_testAPI" time="0.59"/>
  <testcase classname="com.APItest.tests.TekarchAPITestScriptE2E" name="tekarchupdate_testAPI" time="0.573"/>
  <testcase classname="com.APItest.tests.TekarchAPITestScriptE2E" name="tekarchdelete_testAPI" time="0.555"/>
</testsuite> <!-- Default test -->
